<?xml version="1.0" encoding="UTF-8"?>
<!-- Generated by org.testng.reporters.JUnitReportReporter -->
<testsuite hostname="DESKTOP-T5IACJ8" failures="0" tests="2" name="org.runner.Runner" time="105.757" errors="0" timestamp="28 Jan 2023 06:27:18 GMT" skipped="0">
  <testcase classname="org.runner.Runner" name="runScenario" time="52.632"/>
  <testcase classname="org.runner.Runner" name="runScenario" time="53.125"/>
</testsuite> <!-- org.runner.Runner -->
